<?xml version="1.0" encoding="UTF-8"?>
<testsuite name="com.project.quizcafe.QuizcafeApplicationTests" tests="1" skipped="0" failures="0" errors="0" timestamp="2025-04-18T04:55:37.001Z" hostname="PC013" time="0.273">
  <properties/>
  <testcase name="contextLoads()" classname="com.project.quizcafe.QuizcafeApplicationTests" time="0.273"/>
  <system-out><![CDATA[13:55:33.276 [Test worker] INFO org.springframework.test.context.support.AnnotationConfigContextLoaderUtils -- Could not detect default configuration classes for test class [com.project.quizcafe.QuizcafeApplicationTests]: QuizcafeApplicationTests does not declare any static, non-private, non-final, nested classes annotated with @Configuration.
13:55:33.369 [Test worker] INFO org.springframework.boot.test.context.SpringBootTestContextBootstrapper -- Found @SpringBootConfiguration com.project.quizcafe.QuizcafeApplication for test class com.project.quizcafe.QuizcafeApplicationTests

  .   ____          _            __ _ _
 /\\ / ___'_ __ _ _(_)_ __  __ _ \ \ \ \
( ( )\___ | '_ | '_| | '_ \/ _` | \ \ \ \
 \\/  ___)| |_)| | | | | || (_| |  ) ) ) )
  '  |____| .__|_| |_|_| |_\__, | / / / /
 =========|_|==============|___/=/_/_/_/

 :: Spring Boot ::                (v3.4.4)

2025-04-18T13:55:33.683+09:00  INFO 9648 --- [QuizCafe] [    Test worker] c.p.quizcafe.QuizcafeApplicationTests    : Starting QuizcafeApplicationTests using Java 17.0.13 with PID 9648 (started by SSAFY in C:\SSAFY\Quiz-Cafe-Server)
2025-04-18T13:55:33.684+09:00  INFO 9648 --- [QuizCafe] [    Test worker] c.p.quizcafe.QuizcafeApplicationTests    : No active profile set, falling back to 1 default profile: "default"
2025-04-18T13:55:34.267+09:00  INFO 9648 --- [QuizCafe] [    Test worker] .s.d.r.c.RepositoryConfigurationDelegate : Bootstrapping Spring Data JPA repositories in DEFAULT mode.
2025-04-18T13:55:34.337+09:00  INFO 9648 --- [QuizCafe] [    Test worker] .s.d.r.c.RepositoryConfigurationDelegate : Finished Spring Data repository scanning in 59 ms. Found 1 JPA repository interface.
2025-04-18T13:55:34.650+09:00  INFO 9648 --- [QuizCafe] [    Test worker] com.zaxxer.hikari.HikariDataSource       : HikariPool-1 - Starting...
2025-04-18T13:55:34.842+09:00  INFO 9648 --- [QuizCafe] [    Test worker] com.zaxxer.hikari.pool.HikariPool        : HikariPool-1 - Added connection com.mysql.cj.jdbc.ConnectionImpl@26bb92e2
2025-04-18T13:55:34.843+09:00  INFO 9648 --- [QuizCafe] [    Test worker] com.zaxxer.hikari.HikariDataSource       : HikariPool-1 - Start completed.
2025-04-18T13:55:34.873+09:00  INFO 9648 --- [QuizCafe] [    Test worker] o.hibernate.jpa.internal.util.LogHelper  : HHH000204: Processing PersistenceUnitInfo [name: default]
2025-04-18T13:55:34.924+09:00  INFO 9648 --- [QuizCafe] [    Test worker] org.hibernate.Version                    : HHH000412: Hibernate ORM core version 6.6.11.Final
2025-04-18T13:55:34.974+09:00  INFO 9648 --- [QuizCafe] [    Test worker] o.h.c.internal.RegionFactoryInitiator    : HHH000026: Second-level cache disabled
2025-04-18T13:55:35.219+09:00  INFO 9648 --- [QuizCafe] [    Test worker] o.s.o.j.p.SpringPersistenceUnitInfo      : No LoadTimeWeaver setup: ignoring JPA class transformer
2025-04-18T13:55:35.293+09:00  INFO 9648 --- [QuizCafe] [    Test worker] org.hibernate.orm.connections.pooling    : HHH10001005: Database info:
	Database JDBC URL [Connecting through datasource 'HikariDataSource (HikariPool-1)']
	Database driver: undefined/unknown
	Database version: 8.0.40
	Autocommit mode: undefined/unknown
	Isolation level: undefined/unknown
	Minimum pool size: undefined/unknown
	Maximum pool size: undefined/unknown
2025-04-18T13:55:35.778+09:00  INFO 9648 --- [QuizCafe] [    Test worker] o.h.e.t.j.p.i.JtaPlatformInitiator       : HHH000489: No JTA platform available (set 'hibernate.transaction.jta.platform' to enable JTA platform integration)
2025-04-18T13:55:35.780+09:00  INFO 9648 --- [QuizCafe] [    Test worker] j.LocalContainerEntityManagerFactoryBean : Initialized JPA EntityManagerFactory for persistence unit 'default'
2025-04-18T13:55:36.470+09:00  WARN 9648 --- [QuizCafe] [    Test worker] JpaBaseConfiguration$JpaWebConfiguration : spring.jpa.open-in-view is enabled by default. Therefore, database queries may be performed during view rendering. Explicitly configure spring.jpa.open-in-view to disable this warning
2025-04-18T13:55:36.753+09:00  WARN 9648 --- [QuizCafe] [    Test worker] .s.s.UserDetailsServiceAutoConfiguration : 

Using generated security password: f560b330-e9a1-4ffa-a736-dd421540934c

This generated password is for development use only. Your security configuration must be updated before running your application in production.

2025-04-18T13:55:36.784+09:00  INFO 9648 --- [QuizCafe] [    Test worker] r$InitializeUserDetailsManagerConfigurer : Global AuthenticationManager configured with UserDetailsService bean with name inMemoryUserDetailsManager
2025-04-18T13:55:36.984+09:00  INFO 9648 --- [QuizCafe] [    Test worker] c.p.quizcafe.QuizcafeApplicationTests    : Started QuizcafeApplicationTests in 3.508 seconds (process running for 4.293)
]]></system-out>
  <system-err><![CDATA[]]></system-err>
</testsuite>
